<?xml version="1.0" encoding="UTF-8"?>
<!-- Generated by org.testng.reporters.JUnitReportReporter -->
<testsuite hostname="RK" failures="0" tests="1" name="TestClasses.LoginTest" time="1.879" errors="0" timestamp="2025-05-01T18:08:55 IST" skipped="0">
  <testcase classname="TestClasses.LoginTest" name="executeLoginTest" time="1.879"/>
  <system-out>
    <![CDATA[Test has been started
Test case is passed]]>
  </system-out>
</testsuite> <!-- TestClasses.LoginTest -->
