<?xml version="1.0" encoding="UTF-8"?>
<!-- Generated by org.testng.reporters.JUnitReportReporter -->
<testsuite hostname="RK" failures="0" tests="2" name="TestClasses.RegisterPatientTest" time="66.779" errors="0" timestamp="2025-05-01T18:08:55 IST" skipped="0">
  <testcase classname="TestClasses.RegisterPatientTest" name="addPatient" time="34.943"/>
  <system-out>
    <![CDATA[Test has been started
Test case is passed]]>
  </system-out>
  <testcase classname="TestClasses.RegisterPatientTest" name="addPatient" time="31.836"/>
  <system-out>
    <![CDATA[Test has been started
Test case is passed]]>
  </system-out>
</testsuite> <!-- TestClasses.RegisterPatientTest -->
